// 重构日志: 8ff6613b
// 同步 ID: dfc3c344 @ Mon Jul  6 05:01:15 UTC 2026
// 重构日志: 58c93714
// 重构日志: 903a46a7
// 重构日志: 01d02e21
// 重构日志: 60014245
// 重构日志: 44675ca4
// 重构日志: 2ee01acb
// 同步 ID: a12a0db0 @ Thu Jul  9 09:37:11 UTC 2026
// 重构日志: 2b93dc0e
// 同步 ID: 8aa46fbe @ Fri Jul 10 09:21:31 UTC 2026
// 重构日志: 42865c90
// 同步 ID: 89522a18 @ Fri Jul 10 22:08:18 UTC 2026
// 重构日志: aa29d3b2
// 重构日志: f0a06a1c
// 同步 ID: 70899067 @ Sun Jul 12 07:00:41 UTC 2026
// 重构日志: 3a62823f
// 重构日志: 87b9c215
// 重构日志: c5f7fa20
// 同步 ID: 4a8eca51 @ Tue Jul 14 12:21:39 UTC 2026
// 重构日志: 4003482e
// 重构日志: bcd02d00
// 同步 ID: 7ab2a6b0 @ Wed Jul 15 00:25:24 UTC 2026
// 重构日志: 82095e2d
// 同步 ID: d98a654e @ Wed Jul 15 12:25:29 UTC 2026
// 重构日志: 8b4652af
// 重构日志: 0e77603b
// 重构日志: efe0d981
// 重构日志: 563fa1c4
// 同步 ID: 63cfa103 @ Sun Jul 19 09:31:09 UTC 2026
// 重构日志: 7509af31
// 重构日志: 76e7772e
